c:\users\pzw\desktop\tbssetexp\src\win32\release\iconhelper.obj
c:\users\pzw\desktop\tbssetexp\src\win32\release\tbsui.obj
c:\users\pzw\desktop\tbssetexp\src\win32\release\moc_tbsui.obj
c:\users\pzw\desktop\tbssetexp\src\win32\release\main.obj
c:\users\pzw\desktop\tbssetexp\src\win32\release\tbshardware.obj
c:\users\pzw\desktop\tbssetexp\src\win32\release\moc_tbshardware.obj
c:\users\pzw\desktop\tbssetexp\src\win32\release\qrc_qss.obj
c:\users\pzw\desktop\tbssetexp\src\win32\release\appinit.obj
c:\users\pzw\desktop\tbssetexp\src\win32\release\tbsbase.obj
c:\users\pzw\desktop\tbssetexp\src\win32\release\tbsset_x8_plugin_import.obj
c:\users\pzw\desktop\tbssetexp\src\win32\release\moc_iconhelper.obj
c:\users\pzw\desktop\tbssetexp\src\win32\release\qrc_main.obj
c:\users\pzw\desktop\tbssetexp\src\win32\release\setmactool.obj
c:\users\pzw\desktop\tbssetexp\src\win32\release\tbsmesgdlg.obj
c:\users\pzw\desktop\tbssetexp\src\win32\release\moc_appinit.obj
c:\users\pzw\desktop\tbssetexp\src\win32\release\moc_setmactool.obj
c:\users\pzw\desktop\tbssetexp\src\win32\release\moc_tbsmesgdlg.obj
c:\users\pzw\desktop\tbssetexp\src\temp\moc\moc_predefs.h
c:\users\pzw\desktop\tbssetexp\bin\tbsset_x8.exe
c:\users\pzw\desktop\tbssetexp\src\.\generatedfiles\release\moc_appinit.cpp
c:\users\pzw\desktop\tbssetexp\src\.\generatedfiles\release\moc_iconhelper.cpp
c:\users\pzw\desktop\tbssetexp\src\.\generatedfiles\release\moc_setmactool.cpp
c:\users\pzw\desktop\tbssetexp\src\.\generatedfiles\release\moc_tbshardware.cpp
c:\users\pzw\desktop\tbssetexp\src\.\generatedfiles\release\moc_tbsmesgdlg.cpp
c:\users\pzw\desktop\tbssetexp\src\.\generatedfiles\release\moc_tbsui.cpp
c:\users\pzw\desktop\tbssetexp\src\.\generatedfiles\qrc_main.cpp
c:\users\pzw\desktop\tbssetexp\src\.\generatedfiles\qrc_qss.cpp
c:\users\pzw\desktop\tbssetexp\src\.\generatedfiles\ui_setmactool.h
c:\users\pzw\desktop\tbssetexp\src\.\generatedfiles\ui_tbsmesgdlg.h
c:\users\pzw\desktop\tbssetexp\src\.\generatedfiles\ui_tbsui.h
c:\users\pzw\desktop\tbssetexp\src\win32\release\tbsui.res
c:\users\pzw\desktop\tbssetexp\src\generatedfiles\release\moc_appinit.cpp
c:\users\pzw\desktop\tbssetexp\src\generatedfiles\release\moc_iconhelper.cpp
c:\users\pzw\desktop\tbssetexp\src\generatedfiles\release\moc_setmactool.cpp
c:\users\pzw\desktop\tbssetexp\src\generatedfiles\release\moc_tbshardware.cpp
c:\users\pzw\desktop\tbssetexp\src\generatedfiles\release\moc_tbsmesgdlg.cpp
c:\users\pzw\desktop\tbssetexp\src\generatedfiles\release\moc_tbsui.cpp
c:\users\pzw\desktop\tbssetexp\src\generatedfiles\qrc_main.cpp
c:\users\pzw\desktop\tbssetexp\src\generatedfiles\qrc_qss.cpp
c:\users\pzw\desktop\tbssetexp\src\generatedfiles\ui_setmactool.h
c:\users\pzw\desktop\tbssetexp\src\generatedfiles\ui_tbsmesgdlg.h
c:\users\pzw\desktop\tbssetexp\src\generatedfiles\ui_tbsui.h
c:\users\pzw\desktop\tbssetexp\src\..\bin\tbsset_x8.exe
c:\users\pzw\desktop\tbssetexp\src\win32\release\tbsui.tlog\cl.2328.write.1.tlog
c:\users\pzw\desktop\tbssetexp\src\win32\release\tbsui.tlog\cl.command.1.tlog
c:\users\pzw\desktop\tbssetexp\src\win32\release\tbsui.tlog\cl.read.1.tlog
c:\users\pzw\desktop\tbssetexp\src\win32\release\tbsui.tlog\custombuild.command.1.tlog
c:\users\pzw\desktop\tbssetexp\src\win32\release\tbsui.tlog\custombuild.read.1.tlog
c:\users\pzw\desktop\tbssetexp\src\win32\release\tbsui.tlog\custombuild.write.1.tlog
c:\users\pzw\desktop\tbssetexp\src\win32\release\tbsui.tlog\link.command.1.tlog
c:\users\pzw\desktop\tbssetexp\src\win32\release\tbsui.tlog\link.read.1.tlog
c:\users\pzw\desktop\tbssetexp\src\win32\release\tbsui.tlog\link.write.1.tlog
c:\users\pzw\desktop\tbssetexp\src\win32\release\tbsui.tlog\qtmoc.read.1u.tlog
c:\users\pzw\desktop\tbssetexp\src\win32\release\tbsui.tlog\qtmoc.write.1u.tlog
c:\users\pzw\desktop\tbssetexp\src\win32\release\tbsui.tlog\qtrcc.read.1u.tlog
c:\users\pzw\desktop\tbssetexp\src\win32\release\tbsui.tlog\qtrcc.write.1u.tlog
c:\users\pzw\desktop\tbssetexp\src\win32\release\tbsui.tlog\qtuic.read.1u.tlog
c:\users\pzw\desktop\tbssetexp\src\win32\release\tbsui.tlog\qtuic.write.1u.tlog
c:\users\pzw\desktop\tbssetexp\src\win32\release\tbsui.tlog\rc.command.1.tlog
c:\users\pzw\desktop\tbssetexp\src\win32\release\tbsui.tlog\rc.read.1.tlog
c:\users\pzw\desktop\tbssetexp\src\win32\release\tbsui.tlog\rc.write.1.tlog
c:\users\pzw\desktop\tbssetexp\src\win32\release\tbsui.tlog\tbsui.write.1u.tlog
